{"type":"server-started","port":59471,"host":"127.0.0.1","url_host":"localhost","url":"http://localhost:59471","screen_dir":"/Users/farahorfaly/Desktop/LUCID/lucid-central-command/lucid-ui/.superpowers/brainstorm/83195-1776251357/content","state_dir":"/Users/farahorfaly/Desktop/LUCID/lucid-central-command/lucid-ui/.superpowers/brainstorm/83195-1776251357/state"}
{"type":"screen-added","file":"/Users/farahorfaly/Desktop/LUCID/lucid-central-command/lucid-ui/.superpowers/brainstorm/83195-1776251357/content/waiting.html"}
{"type":"screen-updated","file":"/Users/farahorfaly/Desktop/LUCID/lucid-central-command/lucid-ui/.superpowers/brainstorm/83195-1776251357/content/waiting.html"}
{"type":"screen-added","file":"/Users/farahorfaly/Desktop/LUCID/lucid-central-command/lucid-ui/.superpowers/brainstorm/83195-1776251357/content/fleet-glance-approaches.html"}
{"type":"screen-updated","file":"/Users/farahorfaly/Desktop/LUCID/lucid-central-command/lucid-ui/.superpowers/brainstorm/83195-1776251357/content/fleet-glance-approaches.html"}
{"type":"screen-updated","file":"/Users/farahorfaly/Desktop/LUCID/lucid-central-command/lucid-ui/.superpowers/brainstorm/83195-1776251357/content/fleet-glance-approaches.html"}
{"type":"screen-added","file":"/Users/farahorfaly/Desktop/LUCID/lucid-central-command/lucid-ui/.superpowers/brainstorm/83195-1776251357/content/django-style-concepts.html"}
{"type":"screen-updated","file":"/Users/farahorfaly/Desktop/LUCID/lucid-central-command/lucid-ui/.superpowers/brainstorm/83195-1776251357/content/django-style-concepts.html"}
{"type":"screen-updated","file":"/Users/farahorfaly/Desktop/LUCID/lucid-central-command/lucid-ui/.superpowers/brainstorm/83195-1776251357/content/django-style-concepts.html"}
{"type":"screen-added","file":"/Users/farahorfaly/Desktop/LUCID/lucid-central-command/lucid-ui/.superpowers/brainstorm/83195-1776251357/content/no-table-layouts.html"}
{"type":"screen-updated","file":"/Users/farahorfaly/Desktop/LUCID/lucid-central-command/lucid-ui/.superpowers/brainstorm/83195-1776251357/content/no-table-layouts.html"}
{"type":"screen-updated","file":"/Users/farahorfaly/Desktop/LUCID/lucid-central-command/lucid-ui/.superpowers/brainstorm/83195-1776251357/content/no-table-layouts.html"}
{"source":"user-event","type":"click","text":"Agents\n          \n            \n            rosbot-01\n          \n          \n            \n            rosbot-02\n          \n          \n            \n            rosbot-03\n          \n          \n            \n            rosbot-04\n          \n          \n            \n            rosbot-05\n          \n          \n            \n            sensor-01\n          \n        \n        \n        \n          \n            rosbot-01\n            online\n          \n          pi-01.local · 192.168.1.10 · 4d 2h uptime\n          Components\n          \n            \n              \n                led-strip\n                ● running\n              \n              \n                effect: pulsebrightness: 80%\n              \n            \n            \n              \n                cpu-metrics\n                ● running\n              \n              \n                cpu: 34%temp: 52°Cmem: 41%\n              \n            \n          \n        \n      \n    \n    \n      C — Two-panel (agent list + detail)\n      Left: scrollable agent list with status dots. Right: full detail for the selected agent — components with all their live values. Focused view, one agent at a time.","choice":"c","id":null,"timestamp":1776252159001}
{"type":"screen-added","file":"/Users/farahorfaly/Desktop/LUCID/lucid-central-command/lucid-ui/.superpowers/brainstorm/83195-1776251357/content/detail-panel-options.html"}
{"type":"screen-updated","file":"/Users/farahorfaly/Desktop/LUCID/lucid-central-command/lucid-ui/.superpowers/brainstorm/83195-1776251357/content/detail-panel-options.html"}
{"source":"user-event","type":"click","text":"rosbot-01\n            online\n            pi-01.local · 4d 2h · 2s ago\n          \n          \n          \n            \n            \n              Agent\n              \n                ip192.168.1.10\n                osRaspberry Pi OS\n                archaarch64\n                version1.4.2\n              \n            \n            \n            \n              Components\n              \n                led-strip● running\n                effect: pulse · brightness: 80%\n              \n              \n                cpu-metrics● running\n                cpu: 34% · temp: 52°C · mem: 41%\n              \n              \n                ros-bridge● idle\n              \n            \n          \n        \n      \n    \n    \n      C — Agent meta + component list side-by-side\n      Right panel splits: agent metadata on the left, component list on the right. Everything visible at once without scrolling.","choice":"c","id":null,"timestamp":1776252272345}
{"type":"screen-added","file":"/Users/farahorfaly/Desktop/LUCID/lucid-central-command/lucid-ui/.superpowers/brainstorm/83195-1776251357/content/fleet-mockup-v1.html"}
{"type":"screen-updated","file":"/Users/farahorfaly/Desktop/LUCID/lucid-central-command/lucid-ui/.superpowers/brainstorm/83195-1776251357/content/fleet-mockup-v1.html"}
{"type":"screen-updated","file":"/Users/farahorfaly/Desktop/LUCID/lucid-central-command/lucid-ui/.superpowers/brainstorm/83195-1776251357/content/fleet-mockup-v1.html"}
{"type":"screen-added","file":"/Users/farahorfaly/Desktop/LUCID/lucid-central-command/lucid-ui/.superpowers/brainstorm/83195-1776251357/content/fleet-mockup-v2.html"}
{"type":"screen-updated","file":"/Users/farahorfaly/Desktop/LUCID/lucid-central-command/lucid-ui/.superpowers/brainstorm/83195-1776251357/content/fleet-mockup-v2.html"}
{"type":"screen-updated","file":"/Users/farahorfaly/Desktop/LUCID/lucid-central-command/lucid-ui/.superpowers/brainstorm/83195-1776251357/content/fleet-mockup-v2.html"}
{"type":"server-stopped","reason":"idle timeout"}
