{"type":"server-started","port":64013,"host":"127.0.0.1","url_host":"localhost","url":"http://localhost:64013","screen_dir":"/Users/farahorfaly/Desktop/LUCID/lucid-central-command/lucid-ui/.superpowers/brainstorm/89531-1776259940/content","state_dir":"/Users/farahorfaly/Desktop/LUCID/lucid-central-command/lucid-ui/.superpowers/brainstorm/89531-1776259940/state"}
{"type":"screen-added","file":"/Users/farahorfaly/Desktop/LUCID/lucid-central-command/lucid-ui/.superpowers/brainstorm/89531-1776259940/content/full-mockup.html"}
{"type":"screen-updated","file":"/Users/farahorfaly/Desktop/LUCID/lucid-central-command/lucid-ui/.superpowers/brainstorm/89531-1776259940/content/full-mockup.html"}
{"type":"screen-updated","file":"/Users/farahorfaly/Desktop/LUCID/lucid-central-command/lucid-ui/.superpowers/brainstorm/89531-1776259940/content/full-mockup.html"}
{"type":"screen-updated","file":"/Users/farahorfaly/Desktop/LUCID/lucid-central-command/lucid-ui/.superpowers/brainstorm/89531-1776259940/content/full-mockup.html"}
{"type":"screen-added","file":"/Users/farahorfaly/Desktop/LUCID/lucid-central-command/lucid-ui/.superpowers/brainstorm/89531-1776259940/content/fleet-unified.html"}
{"type":"screen-updated","file":"/Users/farahorfaly/Desktop/LUCID/lucid-central-command/lucid-ui/.superpowers/brainstorm/89531-1776259940/content/fleet-unified.html"}
{"type":"screen-updated","file":"/Users/farahorfaly/Desktop/LUCID/lucid-central-command/lucid-ui/.superpowers/brainstorm/89531-1776259940/content/fleet-unified.html"}
{"type":"screen-updated","file":"/Users/farahorfaly/Desktop/LUCID/lucid-central-command/lucid-ui/.superpowers/brainstorm/89531-1776259940/content/fleet-unified.html"}
{"type":"screen-added","file":"/Users/farahorfaly/Desktop/LUCID/lucid-central-command/lucid-ui/.superpowers/brainstorm/89531-1776259940/content/caps-options.html"}
{"type":"screen-updated","file":"/Users/farahorfaly/Desktop/LUCID/lucid-central-command/lucid-ui/.superpowers/brainstorm/89531-1776259940/content/caps-options.html"}
{"type":"screen-updated","file":"/Users/farahorfaly/Desktop/LUCID/lucid-central-command/lucid-ui/.superpowers/brainstorm/89531-1776259940/content/caps-options.html"}
{"type":"screen-updated","file":"/Users/farahorfaly/Desktop/LUCID/lucid-central-command/lucid-ui/.superpowers/brainstorm/89531-1776259940/content/caps-options.html"}
{"type":"screen-updated","file":"/Users/farahorfaly/Desktop/LUCID/lucid-central-command/lucid-ui/.superpowers/brainstorm/89531-1776259940/content/fleet-unified.html"}
{"type":"screen-updated","file":"/Users/farahorfaly/Desktop/LUCID/lucid-central-command/lucid-ui/.superpowers/brainstorm/89531-1776259940/content/fleet-unified.html"}
{"type":"screen-updated","file":"/Users/farahorfaly/Desktop/LUCID/lucid-central-command/lucid-ui/.superpowers/brainstorm/89531-1776259940/content/fleet-unified.html"}
{"type":"screen-updated","file":"/Users/farahorfaly/Desktop/LUCID/lucid-central-command/lucid-ui/.superpowers/brainstorm/89531-1776259940/content/fleet-unified.html"}
{"type":"screen-updated","file":"/Users/farahorfaly/Desktop/LUCID/lucid-central-command/lucid-ui/.superpowers/brainstorm/89531-1776259940/content/fleet-unified.html"}
{"type":"screen-updated","file":"/Users/farahorfaly/Desktop/LUCID/lucid-central-command/lucid-ui/.superpowers/brainstorm/89531-1776259940/content/fleet-unified.html"}
{"type":"screen-added","file":"/Users/farahorfaly/Desktop/LUCID/lucid-central-command/lucid-ui/.superpowers/brainstorm/89531-1776259940/content/simple-vs-advanced.html"}
{"type":"screen-updated","file":"/Users/farahorfaly/Desktop/LUCID/lucid-central-command/lucid-ui/.superpowers/brainstorm/89531-1776259940/content/simple-vs-advanced.html"}
{"type":"screen-updated","file":"/Users/farahorfaly/Desktop/LUCID/lucid-central-command/lucid-ui/.superpowers/brainstorm/89531-1776259940/content/simple-vs-advanced.html"}
{"type":"screen-updated","file":"/Users/farahorfaly/Desktop/LUCID/lucid-central-command/lucid-ui/.superpowers/brainstorm/89531-1776259940/content/simple-vs-advanced.html"}
{"type":"screen-added","file":"/Users/farahorfaly/Desktop/LUCID/lucid-central-command/lucid-ui/.superpowers/brainstorm/89531-1776259940/content/full-v2.html"}
{"type":"screen-updated","file":"/Users/farahorfaly/Desktop/LUCID/lucid-central-command/lucid-ui/.superpowers/brainstorm/89531-1776259940/content/full-v2.html"}
{"type":"screen-updated","file":"/Users/farahorfaly/Desktop/LUCID/lucid-central-command/lucid-ui/.superpowers/brainstorm/89531-1776259940/content/full-v2.html"}
{"type":"screen-updated","file":"/Users/farahorfaly/Desktop/LUCID/lucid-central-command/lucid-ui/.superpowers/brainstorm/89531-1776259940/content/full-v2.html"}
{"type":"server-stopped","reason":"idle timeout"}
