{"type":"server-started","port":51438,"host":"127.0.0.1","url_host":"localhost","url":"http://localhost:51438","screen_dir":"/Users/farahorfaly/Desktop/LUCID/lucid-central-command/lucid-ui/.superpowers/brainstorm/45846-1776852552/content","state_dir":"/Users/farahorfaly/Desktop/LUCID/lucid-central-command/lucid-ui/.superpowers/brainstorm/45846-1776852552/state"}
{"type":"screen-added","file":"/Users/farahorfaly/Desktop/LUCID/lucid-central-command/lucid-ui/.superpowers/brainstorm/45846-1776852552/content/layout-options.html"}
{"type":"screen-updated","file":"/Users/farahorfaly/Desktop/LUCID/lucid-central-command/lucid-ui/.superpowers/brainstorm/45846-1776852552/content/layout-options.html"}
{"type":"screen-updated","file":"/Users/farahorfaly/Desktop/LUCID/lucid-central-command/lucid-ui/.superpowers/brainstorm/45846-1776852552/content/layout-options.html"}
{"type":"screen-updated","file":"/Users/farahorfaly/Desktop/LUCID/lucid-central-command/lucid-ui/.superpowers/brainstorm/45846-1776852552/content/layout-options.html"}
{"source":"user-event","type":"click","text":"B\n      \n        Publisher-First — Full-width smart bar, tree as drawer\n      \n    \n    \n      \n        \n        mqtt://10.205.10.16:8083\n        ● Connected\n      \n      \n        \n          lucid/\n          agents/\n          start typing…\n          🌳 Browse\n        \n        \n          north\n          south\n          east\n          west\n        \n      \n      \n        Payload{\"request_id\": \"…\"}\n        \n          Recent Commands\n          12:01→north/cmd/restart\n          11:58→south/cmd/shutdown\n        \n      \n    \n    \n      ProsPublisher is dominant — clear primary actionWorks on any screen widthChip-style autocomplete feels fast\n      ConsTree is hidden behind a drawerCan't see live values while composing","choice":"b","id":null,"timestamp":1776853114407}
{"source":"user-event","type":"click","text":"B\n      \n        Publisher-First — Full-width smart bar, tree as drawer\n      \n    \n    \n      \n        \n        mqtt://10.205.10.16:8083\n        ● Connected\n      \n      \n        \n          lucid/\n          agents/\n          start typing…\n          🌳 Browse\n        \n        \n          north\n          south\n          east\n          west\n        \n      \n      \n        Payload{\"request_id\": \"…\"}\n        \n          Recent Commands\n          12:01→north/cmd/restart\n          11:58→south/cmd/shutdown\n        \n      \n    \n    \n      ProsPublisher is dominant — clear primary actionWorks on any screen widthChip-style autocomplete feels fast\n      ConsTree is hidden behind a drawerCan't see live values while composing","choice":"b","id":null,"timestamp":1776853115839}
{"type":"screen-updated","file":"/Users/farahorfaly/Desktop/LUCID/lucid-central-command/lucid-ui/.superpowers/brainstorm/45846-1776852552/content/layout-options.html"}
{"type":"screen-added","file":"/Users/farahorfaly/Desktop/LUCID/lucid-central-command/lucid-ui/.superpowers/brainstorm/45846-1776852552/content/split-behavior.html"}
{"type":"screen-updated","file":"/Users/farahorfaly/Desktop/LUCID/lucid-central-command/lucid-ui/.superpowers/brainstorm/45846-1776852552/content/split-behavior.html"}
{"type":"screen-updated","file":"/Users/farahorfaly/Desktop/LUCID/lucid-central-command/lucid-ui/.superpowers/brainstorm/45846-1776852552/content/split-behavior.html"}
{"type":"screen-updated","file":"/Users/farahorfaly/Desktop/LUCID/lucid-central-command/lucid-ui/.superpowers/brainstorm/45846-1776852552/content/split-behavior.html"}
{"type":"screen-added","file":"/Users/farahorfaly/Desktop/LUCID/lucid-central-command/lucid-ui/.superpowers/brainstorm/45846-1776852552/content/new-layout.html"}
{"type":"screen-updated","file":"/Users/farahorfaly/Desktop/LUCID/lucid-central-command/lucid-ui/.superpowers/brainstorm/45846-1776852552/content/new-layout.html"}
{"type":"screen-updated","file":"/Users/farahorfaly/Desktop/LUCID/lucid-central-command/lucid-ui/.superpowers/brainstorm/45846-1776852552/content/new-layout.html"}
{"type":"screen-updated","file":"/Users/farahorfaly/Desktop/LUCID/lucid-central-command/lucid-ui/.superpowers/brainstorm/45846-1776852552/content/new-layout.html"}
{"type":"screen-added","file":"/Users/farahorfaly/Desktop/LUCID/lucid-central-command/lucid-ui/.superpowers/brainstorm/45846-1776852552/content/lucid-styled.html"}
{"type":"screen-updated","file":"/Users/farahorfaly/Desktop/LUCID/lucid-central-command/lucid-ui/.superpowers/brainstorm/45846-1776852552/content/lucid-styled.html"}
{"type":"screen-updated","file":"/Users/farahorfaly/Desktop/LUCID/lucid-central-command/lucid-ui/.superpowers/brainstorm/45846-1776852552/content/lucid-styled.html"}
{"type":"screen-added","file":"/Users/farahorfaly/Desktop/LUCID/lucid-central-command/lucid-ui/.superpowers/brainstorm/45846-1776852552/content/lucid-interactive.html"}
{"type":"screen-updated","file":"/Users/farahorfaly/Desktop/LUCID/lucid-central-command/lucid-ui/.superpowers/brainstorm/45846-1776852552/content/lucid-interactive.html"}
{"type":"screen-updated","file":"/Users/farahorfaly/Desktop/LUCID/lucid-central-command/lucid-ui/.superpowers/brainstorm/45846-1776852552/content/lucid-interactive.html"}
{"type":"screen-updated","file":"/Users/farahorfaly/Desktop/LUCID/lucid-central-command/lucid-ui/.superpowers/brainstorm/45846-1776852552/content/lucid-interactive.html"}
{"type":"screen-updated","file":"/Users/farahorfaly/Desktop/LUCID/lucid-central-command/lucid-ui/.superpowers/brainstorm/45846-1776852552/content/lucid-interactive.html"}
{"type":"screen-updated","file":"/Users/farahorfaly/Desktop/LUCID/lucid-central-command/lucid-ui/.superpowers/brainstorm/45846-1776852552/content/lucid-interactive.html"}
{"type":"screen-updated","file":"/Users/farahorfaly/Desktop/LUCID/lucid-central-command/lucid-ui/.superpowers/brainstorm/45846-1776852552/content/lucid-interactive.html"}
{"type":"screen-updated","file":"/Users/farahorfaly/Desktop/LUCID/lucid-central-command/lucid-ui/.superpowers/brainstorm/45846-1776852552/content/lucid-interactive.html"}
{"type":"screen-updated","file":"/Users/farahorfaly/Desktop/LUCID/lucid-central-command/lucid-ui/.superpowers/brainstorm/45846-1776852552/content/lucid-interactive.html"}
{"type":"screen-updated","file":"/Users/farahorfaly/Desktop/LUCID/lucid-central-command/lucid-ui/.superpowers/brainstorm/45846-1776852552/content/lucid-interactive.html"}
{"type":"screen-updated","file":"/Users/farahorfaly/Desktop/LUCID/lucid-central-command/lucid-ui/.superpowers/brainstorm/45846-1776852552/content/lucid-interactive.html"}
{"type":"screen-updated","file":"/Users/farahorfaly/Desktop/LUCID/lucid-central-command/lucid-ui/.superpowers/brainstorm/45846-1776852552/content/lucid-interactive.html"}
{"type":"screen-updated","file":"/Users/farahorfaly/Desktop/LUCID/lucid-central-command/lucid-ui/.superpowers/brainstorm/45846-1776852552/content/lucid-interactive.html"}
{"type":"screen-updated","file":"/Users/farahorfaly/Desktop/LUCID/lucid-central-command/lucid-ui/.superpowers/brainstorm/45846-1776852552/content/lucid-interactive.html"}
{"type":"screen-updated","file":"/Users/farahorfaly/Desktop/LUCID/lucid-central-command/lucid-ui/.superpowers/brainstorm/45846-1776852552/content/lucid-interactive.html"}
{"type":"screen-updated","file":"/Users/farahorfaly/Desktop/LUCID/lucid-central-command/lucid-ui/.superpowers/brainstorm/45846-1776852552/content/lucid-interactive.html"}
{"type":"screen-added","file":"/Users/farahorfaly/Desktop/LUCID/lucid-central-command/lucid-ui/.superpowers/brainstorm/45846-1776852552/content/waiting.html"}
{"type":"screen-updated","file":"/Users/farahorfaly/Desktop/LUCID/lucid-central-command/lucid-ui/.superpowers/brainstorm/45846-1776852552/content/waiting.html"}
{"type":"screen-updated","file":"/Users/farahorfaly/Desktop/LUCID/lucid-central-command/lucid-ui/.superpowers/brainstorm/45846-1776852552/content/waiting.html"}
{"type":"screen-updated","file":"/Users/farahorfaly/Desktop/LUCID/lucid-central-command/lucid-ui/.superpowers/brainstorm/45846-1776852552/content/waiting.html"}
{"type":"server-stopped","reason":"idle timeout"}
